O76840 5.4e-20 1
O54819 5.5e-23 1
Q28864 3.9e-22 1
P19761 7.3e-22 1
Q03610 5.1e-19 1
P84875 3.1e-22 1
P83606 5.7e-21 1
Q7YRQ8 3.9e-23 1
P86733 9e-25 1
O35536 5.4e-22 1
Q8WPI2 3.9e-26 1
Q9WU03 1.2e-20 1
P04365 3.3e-20 1
Q08E66 3e-23 1
P62756 2e-18 1
P00978 2.1e-18 1
Q7TQN3 1.7e-22 1
Q60559 2.4e-18 1
Q07456 2.2e-17 1
P83609 9.1e-18 1
P02760 4.1e-17 1
P04366 5.8e-18 1
Q64240 7.8e-17 1
P04815 8e-32 1
P00985 1e-28 1
Q6NUX0 2.1e-18 1
B6RLX2 5.7e-28 1
C1IC52 7.5e-28 1
P00986 7.1e-28 1
Q6T6T5 8.5e-28 1
Q90W99 1.1e-27 1
C1IC51 1.3e-27 1
C0HJU7 1.1e-27 1
C0HK72 1.1e-27 1
P0DMJ6 1.6e-27 1
P10280 2.8e-27 1
B7S4N9 3.5e-27 1
C0HLB2 4.7e-27 1
A8Y7N9 5.6e-27 1
C0HK74 8.4e-27 1
B5KL40 1.4e-26 1
P86862 1.6e-26 1
B5KF96 1.9e-26 1
P25660 2.3e-26 1
P0DN06 2.5e-26 1
B5L5R0 4.3e-26 1
A6MFL4 5.5e-26 1
B5KL38 5.7e-26 1
B5KL39 5.8e-26 1
Q6ITB4 6.9e-26 1
P0DN13 8.7e-26 1
P00976 1e-25 1
P00992 1.1e-25 1
Q6ITC0 1.2e-25 1
C0HJF4 1.1e-25 1
B5KL35 1.6e-25 1
F8J2F4 1.7e-25 1
A5X2X1 1.7e-25 1
A6MGX9 2.6e-25 1
P0DN12 3e-25 1
B5L5R1 3e-25 1
A0A1Z0YU59 3.3e-25 1
P0DN17 4.2e-25 1
Q9TWF9 4.4e-25 1
P0DMX0 4.7e-25 1
E7FL12 5.1e-25 1
P0DN07 6.1e-25 1
P0DN14 7.5e-25 1
B5L5Q8 6.9e-25 1
E5AJX3 7.9e-25 1
B2G331 1e-24 1
B5KL32 1.2e-24 1
Q96NZ8 4.5e-18 1
B2KTG1 1.5e-24 1
P0DJ50 2e-24 1
H2A0N5 2.1e-13 1
P0DN20 2.1e-24 1
B5KL33 2.8e-24 1
P82966 3.5e-24 1
P0DMJ3 3.8e-24 1
B5KF94 4.6e-24 1
A8Y7N7 5.3e-24 1
P81548 6.1e-24 1
P81902 6.1e-24 1
H6VC06 6.3e-24 1
O62845 8.6e-24 1
P53601 1.5e-23 1
Q5IS80 1.5e-23 1
P36992 1.8e-16 1
B1B5I8 1.2e-23 1
P26228 1.3e-23 1
A7X3V4 1.7e-23 1
A8Y7P6 1.8e-23 1
Q60495 3.3e-23 1
I2G9B4 1.9e-23 1
P0DMJ2 1.9e-23 1
A8Y7P3 2.7e-23 1
Q2ES48 3e-23 1
Q5ZPJ7 3e-23 1
A8Y7P2 3.4e-23 1
P0DJ46 6.6e-23 1
F6ULY1 5.9e-23 1
A7X3V7 1e-22 1
Q29143 1.2e-22 1
P00983 1.3e-22 1
A8Y7N8 1.4e-22 1
P0DN15 1.8e-22 1
P0DJ45 2.4e-22 1
B5L5Q1 3e-22 1
P15943 1.5e-21 1
P16344 6.1e-22 1
B5KL29 9.3e-22 1
P19859 8.8e-22 1
B5KL27 1.2e-21 1
P0DJ48 1.1e-21 1
P82968 1.4e-21 1
Q4KUS1 3.1e-21 1
P0C5J5 1.5e-18 1
O95925 8.3e-21 1
P0DJ77 2e-20 1
P0DJ66 2.6e-20 1
B2ZBB6 2.1e-20 1
P16044 2.2e-20 1
P26227 2.7e-20 1
O95428 3.3e-20 1
O93279 7.8e-20 1
D2Y488 5e-20 1
Q9EPX2 4.9e-20 1
P81162 7e-20 1
P0DJ76 1e-19 1
Q1RPS9 1.2e-19 1
B2KTG2 1.2e-19 1
Q8T0W4 1.5e-19 1
Q1RPS8 2.8e-19 1
H2A0N9 2.3e-19 1
P10832 2.6e-19 1
D2Y2Q2 5.1e-19 1
P0DJ82 1.2e-18 1
P11424 1.4e-18 1
Q7T2Q6 2.5e-18 1
D2Y2Q1 2.9e-18 1
P0DJ85 3.4e-18 1
B2ZBB8 3.9e-18 1
P0DJ75 3.9e-18 1
Q0PL65 5e-18 1
D2Y2F8 7.2e-18 1
P0DJ72 8.8e-18 1
D2Y2F4 9.8e-18 1
B2KTG3 1.1e-17 1
D2Y2F5 1.2e-17 1
P0DJ71 1.2e-17 1
P0DJ69 1.4e-17 1
D2Y2Q6 2.1e-17 1
D2Y2F3 4.4e-17 1
D2Y2F9 5.8e-17 1
P0DJ65 5.8e-17 1
Q6UDR6 9.3e-17 1
P0DJ73 7.2e-17 1
P0DJ81 2.4e-16 1
O73683 6.1e-16 1
D2Y2G0 4.7e-16 1
Q1RPT0 5.6e-16 1
P00989 5.6e-16 1
Q75S50 8.1e-16 1
Q8AY44 8.1e-16 1
P0DJ68 9.9e-16 1
Q7Z1K3 8.1e-14 1
Q9W728 2.7e-14 1
Q75S49 4.1e-14 1
P00987 5.3e-14 1
G9I929 2.4e-13 1
P0CAR0 4.2e-12 1
P26226 1.4e-11 1
Q9BQY6 1.9e-09 1
Q11101 1.3e-08 1
O62247 0.0012 1
D3GGZ8 0.017 1
