Q868Z9 8.2e-19 1
Q02445 4.5e-23 1
P10646 2.8e-22 1
P48307 3.5e-21 1
Q6T269 9.1e-24 1
Q8WPI3 2.3e-26 1
W4VSH9 1.1e-23 1
O43291 9.1e-22 1
B2BS84 4.5e-20 1
P62757 2e-18 1
P00975 1.9e-33 1
O43278 2.1e-18 1
Q62577 1.6e-17 1
Q9R097 1.7e-18 1
Q8TEU8 3.5e-21 1
P00982 1.7e-30 1
P00981 7.4e-30 1
P0DMW7 1.2e-28 1
P0DMW6 1.6e-28 1
Q90W98 2.9e-28 1
P00979 3.8e-28 1
P0C1X2 3.8e-28 1
P81129 4.1e-28 1
Q7LZS8 1.6e-27 1
Q2ES47 2.7e-27 1
C1IC50 3.9e-27 1
P0DN08 7.2e-27 1
P00984 7.5e-27 1
Q7LZE3 7.5e-27 1
B5L5R7 8.1e-27 1
Q9TWG0 7.8e-27 1
P0DN09 9.4e-27 1
B5KL37 9.7e-27 1
F8J2F3 1e-26 1
Q90WA1 1.1e-26 1
F8J2F5 1.2e-26 1
B5KF95 1.6e-26 1
B5KL36 1.6e-26 1
P0DMJ5 2e-26 1
Q6ITB0 2.6e-26 1
Q6ITB1 2.6e-26 1
H2A0P0 4.2e-15 1
P00991 3.2e-26 1
Q6T6S5 3.4e-26 1
Q2ES46 4.3e-26 1
P00994 3.9e-26 1
B5G6G6 4.3e-26 1
Q9TWF8 4.8e-26 1
Q90WA0 5.1e-26 1
Q6ITB5 5.3e-26 1
Q6ITB9 5.7e-26 1
P0DN11 6.4e-26 1
C0HK73 5.8e-26 1
Q6ITB6 6.9e-26 1
B5L5M7 8.3e-26 1
C0HJF3 1.1e-25 1
P0DN19 1.2e-25 1
A6MGY1 1.3e-25 1
P20229 1.2e-25 1
Q29428 2e-25 1
P00993 1.7e-25 1
P24541 2.2e-25 1
A6MFL3 2.3e-25 1
P0DN10 2.5e-25 1
Q29100 2.2e-25 1
A6MFL1 2.8e-25 1
P0DMJ4 2.7e-25 1
Q8T3S7 3.1e-25 1
E7FL13 3.7e-25 1
P0DL86 4.3e-25 1
P29216 5.4e-25 1
Q6ITB7 5.4e-25 1
C0HJU6 5.3e-25 1
B5KL41 7.3e-25 1
B5KL34 7.5e-25 1
A6MFL2 8.4e-25 1
P0DKL8 1.1e-24 1
B5L5R4 1.7e-24 1
B4ESA3 2.1e-24 1
C1IC53 2.8e-24 1
Q28201 3.9e-24 1
Q6ITB3 2.8e-24 1
P0DN18 3.7e-24 1
A8Y7N6 3.4e-24 1
Q8AY41 4.1e-24 1
Q8AY43 5.6e-24 1
A8Y7N5 5.3e-24 1
E7FL11 5.8e-24 1
P15989 1.4e-23 1
B5KL31 7e-24 1
B5KL30 7.8e-24 1
P79307 1.5e-23 1
P81547 7.9e-24 1
Q95241 1.4e-23 1
P86964 6.4e-13 1
P08592 1.5e-23 1
P12023 2.1e-23 1
P05067 2.1e-23 1
Q6ITC1 1.3e-23 1
F8J2F6 1.3e-23 1
P00990 1.3e-23 1
A8Y7P4 1.9e-23 1
Q6ITB8 2.2e-23 1
A8Y7P1 2.2e-23 1
A8Y7P0 2.6e-23 1
Q2ES50 2.6e-23 1
B4ESA4 3.6e-23 1
A8Y7P5 3.8e-23 1
Q8AY42 5e-23 1
H2A0N1 2.6e-12 1
P0C8W3 9.9e-23 1
A8Y7N4 9.8e-23 1
H6VC05 9.8e-23 1
H2A0M2 1.5e-22 1
P0CY85 1.3e-22 1
P86959 2.4e-22 1
Q6ITB2 2.1e-22 1
Q90W96 3.2e-22 1
B5L5R6 3.9e-22 1
D8KY58 4.6e-22 1
Q06481 1.4e-21 1
D4A2Z2 5.3e-22 1
P0DJ49 9.6e-22 1
P0DN16 1.2e-21 1
Q3UW55 1.4e-21 1
D2Y489 4.2e-21 1
Q90W97 8.2e-21 1
Q9BDL1 7.6e-21 1
B5KL28 1.3e-20 1
D2Y491 1.4e-20 1
P49223 1.7e-20 1
P68425 2e-20 1
D2Y490 2.3e-20 1
Q9DA01 2.4e-20 1
P0DJ47 4.3e-20 1
Q589G4 5.5e-20 1
Q8R0S6 1.9e-18 1
P0DMJ1 1.4e-19 1
Q9D263 1.9e-19 1
D2Y2Q9 2.6e-19 1
D2Y2Q7 3.7e-19 1
D2Y2G1 4.6e-19 1
P0DJ84 4.6e-19 1
P81906 6.4e-19 1
P10831 7.2e-19 1
B2ZBC0 1.3e-18 1
D2Y2Q8 1.7e-18 1
Q63870 2.7e-18 1
D2Y2Q5 2.2e-18 1
B5L5Q6 3e-18 1
Q02388 4.6e-18 1
P0DJ80 3.9e-18 1
P0DJ78 3.9e-18 1
P0DJ79 5.1e-18 1
Q2UY11 1.1e-17 1
D2Y2C2 8e-18 1
P0DJ70 8e-18 1
D2Y2F6 8.8e-18 1
P0DJ67 9.8e-18 1
B2ZBB9 1.3e-17 1
P0DJ74 1.4e-17 1
Q2UY09 4.4e-17 1
P07481 2.6e-17 1
P0DJ64 4.4e-17 1
D2Y2F7 7.2e-17 1
P0DMW9 9.2e-17 1
B5L5Q3 3e-16 1
P0DMW8 4.7e-16 1
Q8AY45 5.6e-16 1
D2Y2G2 9.9e-16 1
B4ESA2 1.1e-14 1
Q8AY46 4.2e-14 1
Q8IUA0 4.2e-14 1
C0LNR2 2.4e-13 1
Q2ES49 5.4e-13 1
P0CH75 1.2e-10 1
P86963 2.6e-09 1
